Wed, 06 Jul 2022 18:32:38 - localhost - ::1 - Info: Empty results for your query select * from products where `category_id` = "cat-5ece4797eaf5e" ORDER BY `created_at` DESC;
Wed, 06 Jul 2022 18:32:38 - localhost - ::1 - Info: Empty results for your query select * from products where `category_id` = "cat-62962fb1d0ca6" ORDER BY `created_at` DESC;
Wed, 06 Jul 2022 18:32:38 - localhost - ::1 - Info: Empty results for your query select * from products where `category_id` = "cat-629785244dce4" ORDER BY `created_at` DESC;
Wed, 06 Jul 2022 18:32:38 - localhost - ::1 - Info: Empty results for your query select * from products where `category_id` = "cat-62962f98473f6" ORDER BY `created_at` DESC;
Wed, 06 Jul 2022 18:32:38 - localhost - ::1 - Info: Empty results for your query select * from products where `category_id` = "cat-62962ffec3fe7" ORDER BY `created_at` DESC;
Wed, 06 Jul 2022 18:32:38 - localhost - ::1 - Info: Empty results for your query select * from products where `category_id` = "cat-62ac4aec68b30" ORDER BY `created_at` DESC;
Wed, 06 Jul 2022 18:32:38 - localhost - ::1 - Info: Empty results for your query select * from products where `category_id` = "cat-62962f89b29b3" ORDER BY `created_at` DESC;
Thu, 07 Jul 2022 13:52:44 - localhost - ::1 - Debug: SQLSTATE[HY000] [2002] No connection could be made because the target machine actively refused it
Thu, 07 Jul 2022 13:53:09 - localhost - ::1 - Info: Empty results for your query select * from products where `category_id` = "cat-62962f89b29b3" ORDER BY `created_at` DESC;
Thu, 07 Jul 2022 19:16:52 - localhost - ::1 - Debug: Oops, you forgot to include <b>/privacy-policy</b>, There is no such route! 
Mon, 11 Jul 2022 19:03:52 - localhost - ::1 - Debug: Oops, you forgot to include <b>/-/sources</b>, There is no such route! 
Mon, 11 Jul 2022 19:13:04 - localhost - ::1 - Info: Called (insert) insert into sources (username, email, location, link, phone, created_at, updated_at) values (:username, :email, :location, :link, :phone, :created_at, :updated_at)
Mon, 11 Jul 2022 19:13:04 - localhost - ::1 - Error: Something is up with your Query -> insert into sources (username, email, location, link, phone, created_at, updated_at) values (:username, :email, :location, :link, :phone, :created_at, :updated_at), SQLSTATE[HY000]: General error: 1 table sources has no column named username
Mon, 11 Jul 2022 19:13:04 - localhost - ::1 - Debug:  Something is up with your Insert!HY000
Mon, 11 Jul 2022 19:13:20 - localhost - ::1 - Info: Called (insert) insert into sources (name, email, location, link, phone, created_at, updated_at) values (:name, :email, :location, :link, :phone, :created_at, :updated_at)
Mon, 11 Jul 2022 19:16:28 - localhost - ::1 - Info: Called (insert) insert into sources (name, email, location, link, phone, created_at, updated_at) values (:name, :email, :location, :link, :phone, :created_at, :updated_at)
Mon, 11 Jul 2022 19:17:19 - localhost - ::1 - Info: Called (insert) insert into sources (name, email, location, link, phone, created_at, updated_at) values (:name, :email, :location, :link, :phone, :created_at, :updated_at)
Mon, 11 Jul 2022 19:27:22 - localhost - ::1 - Info: Login: Logged in peter
Mon, 11 Jul 2022 19:27:22 - localhost - ::1 - Info: Empty results for your query select * from products where `category_id` = "cat-62962f89b29b3" ORDER BY `created_at` DESC;
Tue, 19 Jul 2022 13:08:47 - localhost - ::1 - Debug: Oops, you forgot to include <b>/shop/earrings</b>, There is no such route! 
Tue, 19 Jul 2022 13:12:31 - localhost - ::1 - Debug: Oops, you forgot to include <b>/shop/earrings</b>, There is no such route! 
Tue, 19 Jul 2022 13:35:53 - localhost - ::1 - Info: Login: Logged in admin
Tue, 19 Jul 2022 13:35:53 - localhost - ::1 - Info: Empty results for your query select * from products where `category_id` = "cat-62962f89b29b3" ORDER BY `created_at` DESC;
Tue, 19 Jul 2022 13:36:11 - localhost - ::1 - Info: product with an 'id' of '62bd779028f6a' has been updated!
Tue, 19 Jul 2022 19:25:20 - localhost - ::1 - Debug: Oops, you forgot to include <b>/null</b>, There is no such route! 
Mon, 25 Jul 2022 11:34:09 - localhost - ::1 - Info: Login: Logged in peter
Mon, 25 Jul 2022 11:34:11 - localhost - ::1 - Info: Empty results for your query select * from products where `category_id` = "cat-62962f89b29b3" ORDER BY `created_at` DESC;
Mon, 25 Jul 2022 11:34:19 - localhost - ::1 - Debug: Oops, you forgot to include <b>/null</b>, There is no such route! 
Tue, 26 Jul 2022 13:31:39 - localhost - ::1 - Info: Login: Logged in admin
Tue, 26 Jul 2022 13:31:39 - localhost - ::1 - Info: Empty results for your query select * from products where `category_id` = "cat-62962f89b29b3" ORDER BY `created_at` DESC;
Tue, 26 Jul 2022 13:36:24 - localhost - ::1 - Info: Empty results for your query select * from products where `category_id` = "cat-62962f89b29b3" ORDER BY `created_at` DESC;
Tue, 26 Jul 2022 14:25:26 - localhost - ::1 - Info: Empty results for your query select * from products where `category_id` = "cat-62962f89b29b3" ORDER BY `created_at` DESC;
Fri, 29 Jul 2022 11:14:24 - localhost - ::1 - Info: Login: Logged in admin
Fri, 29 Jul 2022 11:14:24 - localhost - ::1 - Info: Empty results for your query select * from products where `category_id` = "cat-62962f89b29b3" ORDER BY `created_at` DESC;
Fri, 29 Jul 2022 11:14:31 - localhost - ::1 - Debug: Oops, you forgot to include <b>/-/systems-statistics</b>, There is no such route! 
Fri, 29 Jul 2022 11:19:26 - localhost - ::1 - Info: Empty results for your query select * from products where `category_id` = "cat-62962f89b29b3" ORDER BY `created_at` DESC;
Fri, 29 Jul 2022 11:27:27 - localhost - ::1 - Debug: Oops, you forgot to include <b>/-/logs</b>, There is no such route! 
Fri, 29 Jul 2022 13:04:35 - localhost - ::1 - Info: Empty results for your query select * from products where `category_id` = "cat-62962f89b29b3" ORDER BY `created_at` DESC;
Fri, 29 Jul 2022 15:51:52 - localhost - ::1 - Info: Empty results for your query select * from products where `category_id` = "cat-62962f89b29b3" ORDER BY `created_at` DESC;
Fri, 29 Jul 2022 17:59:21 - localhost - ::1 - Info: Empty results for your query select * from products where `category_id` = "cat-62962f89b29b3" ORDER BY `created_at` DESC;
Fri, 29 Jul 2022 18:58:01 - localhost - ::1 - Info: Empty results for your query select * from products where `category_id` = "cat-62962f89b29b3" ORDER BY `created_at` DESC;
Fri, 29 Jul 2022 18:58:19 - localhost - ::1 - Info: Empty results for your query select * from products where `category_id` = "cat-62962f89b29b3" ORDER BY `created_at` DESC;
Fri, 29 Jul 2022 18:58:36 - localhost - ::1 - Info: Empty results for your query select * from products where `category_id` = "cat-62962f89b29b3" ORDER BY `created_at` DESC;
Fri, 29 Jul 2022 18:59:21 - localhost - ::1 - Info: Empty results for your query select * from products where `category_id` = "cat-62962f89b29b3" ORDER BY `created_at` DESC;
Fri, 29 Jul 2022 18:59:58 - localhost - ::1 - Info: Empty results for your query select * from products where `category_id` = "cat-62962f89b29b3" ORDER BY `created_at` DESC;
Fri, 29 Jul 2022 19:00:26 - localhost - ::1 - Info: Empty results for your query select * from products where `category_id` = "cat-62962f89b29b3" ORDER BY `created_at` DESC;
Fri, 29 Jul 2022 19:01:17 - localhost - ::1 - Info: Empty results for your query select * from products where `category_id` = "cat-62962f89b29b3" ORDER BY `created_at` DESC;
Fri, 29 Jul 2022 19:01:41 - localhost - ::1 - Info: Empty results for your query select * from products where `category_id` = "cat-62962f89b29b3" ORDER BY `created_at` DESC;
Fri, 29 Jul 2022 19:01:52 - localhost - ::1 - Info: Empty results for your query select * from products where `category_id` = "cat-62962f89b29b3" ORDER BY `created_at` DESC;
Fri, 29 Jul 2022 19:02:06 - localhost - ::1 - Info: Empty results for your query select * from products where `category_id` = "cat-62962f89b29b3" ORDER BY `created_at` DESC;
Fri, 29 Jul 2022 19:02:30 - localhost - ::1 - Info: Empty results for your query select * from products where `category_id` = "cat-62962f89b29b3" ORDER BY `created_at` DESC;
Fri, 29 Jul 2022 19:03:44 - localhost - ::1 - Info: Empty results for your query select * from products where `category_id` = "cat-62962f89b29b3" ORDER BY `created_at` DESC;
Fri, 29 Jul 2022 19:04:04 - localhost - ::1 - Info: Empty results for your query select * from products where `category_id` = "cat-62962f89b29b3" ORDER BY `created_at` DESC;
Fri, 29 Jul 2022 19:04:21 - localhost - ::1 - Info: Empty results for your query select * from products where `category_id` = "cat-62962f89b29b3" ORDER BY `created_at` DESC;
Fri, 29 Jul 2022 19:04:59 - localhost - ::1 - Info: Empty results for your query select * from products where `category_id` = "cat-62962f89b29b3" ORDER BY `created_at` DESC;
Fri, 29 Jul 2022 19:05:42 - localhost - ::1 - Info: Empty results for your query select * from products where `category_id` = "cat-62962f89b29b3" ORDER BY `created_at` DESC;
Fri, 29 Jul 2022 19:06:24 - localhost - ::1 - Info: Empty results for your query select * from products where `category_id` = "cat-62962f89b29b3" ORDER BY `created_at` DESC;
Fri, 29 Jul 2022 19:06:42 - localhost - ::1 - Info: Empty results for your query select * from products where `category_id` = "cat-62962f89b29b3" ORDER BY `created_at` DESC;
Fri, 29 Jul 2022 19:07:08 - localhost - ::1 - Info: Empty results for your query select * from products where `category_id` = "cat-62962f89b29b3" ORDER BY `created_at` DESC;
Fri, 29 Jul 2022 19:07:32 - localhost - ::1 - Info: Empty results for your query select * from products where `category_id` = "cat-62962f89b29b3" ORDER BY `created_at` DESC;
Fri, 29 Jul 2022 19:07:54 - localhost - ::1 - Info: Empty results for your query select * from products where `category_id` = "cat-62962f89b29b3" ORDER BY `created_at` DESC;
Fri, 29 Jul 2022 19:08:06 - localhost - ::1 - Info: Empty results for your query select * from products where `category_id` = "cat-62962f89b29b3" ORDER BY `created_at` DESC;
Fri, 29 Jul 2022 19:08:35 - localhost - ::1 - Info: Empty results for your query select * from products where `category_id` = "cat-62962f89b29b3" ORDER BY `created_at` DESC;
Fri, 29 Jul 2022 19:08:45 - localhost - ::1 - Info: Empty results for your query select * from products where `category_id` = "cat-62962f89b29b3" ORDER BY `created_at` DESC;
Fri, 29 Jul 2022 19:12:04 - localhost - ::1 - Info: Empty results for your query select * from products where `category_id` = "cat-62962f89b29b3" ORDER BY `created_at` DESC;
Fri, 29 Jul 2022 19:12:37 - localhost - ::1 - Info: Empty results for your query select * from products where `category_id` = "cat-62962f89b29b3" ORDER BY `created_at` DESC;
Fri, 29 Jul 2022 19:12:50 - localhost - ::1 - Info: Empty results for your query select * from products where `category_id` = "cat-62962f89b29b3" ORDER BY `created_at` DESC;
Fri, 29 Jul 2022 19:13:17 - localhost - ::1 - Info: Empty results for your query select * from products where `category_id` = "cat-62962f89b29b3" ORDER BY `created_at` DESC;
Fri, 29 Jul 2022 19:18:33 - localhost - ::1 - Info: Empty results for your query select * from products where `category_id` = "cat-62962f89b29b3" ORDER BY `created_at` DESC;
Fri, 29 Jul 2022 19:25:06 - localhost - ::1 - Info: Empty results for your query select * from products where `category_id` = "cat-62962f89b29b3" ORDER BY `created_at` DESC;
Mon, 01 Aug 2022 14:03:37 - localhost - ::1 - Info: Empty results for your query select * from products where `category_id` = "cat-62962f89b29b3" ORDER BY `created_at` DESC;
Mon, 01 Aug 2022 14:03:49 - localhost - ::1 - Info: Login: Logged in peter
Mon, 01 Aug 2022 14:03:49 - localhost - ::1 - Info: Empty results for your query select * from products where `category_id` = "cat-62962f89b29b3" ORDER BY `created_at` DESC;
Mon, 01 Aug 2022 14:04:39 - localhost - ::1 - Info: Empty results for your query select * from products where `category_id` = "cat-62962f89b29b3" ORDER BY `created_at` DESC;
Mon, 01 Aug 2022 14:45:49 - localhost - ::1 - Info: Empty results for your query select * from products where `category_id` = "cat-62962f89b29b3" ORDER BY `created_at` DESC;
Mon, 01 Aug 2022 14:46:09 - localhost - ::1 - Info: Empty results for your query select * from products where `category_id` = "cat-62962f89b29b3" ORDER BY `created_at` DESC;
Mon, 01 Aug 2022 14:46:40 - localhost - ::1 - Info: Empty results for your query select * from products where `category_id` = "cat-62962f89b29b3" ORDER BY `created_at` DESC;
Mon, 01 Aug 2022 14:47:31 - localhost - ::1 - Info: Empty results for your query select * from products where `category_id` = "cat-62962f89b29b3" ORDER BY `created_at` DESC;
Mon, 01 Aug 2022 14:48:05 - localhost - ::1 - Info: Empty results for your query select * from products where `category_id` = "cat-62962f89b29b3" ORDER BY `created_at` DESC;
Mon, 01 Aug 2022 14:48:36 - localhost - ::1 - Info: Empty results for your query select * from products where `category_id` = "cat-62962f89b29b3" ORDER BY `created_at` DESC;
Mon, 01 Aug 2022 14:48:56 - localhost - ::1 - Info: Empty results for your query select * from products where `category_id` = "cat-62962f89b29b3" ORDER BY `created_at` DESC;
Mon, 01 Aug 2022 14:49:14 - localhost - ::1 - Info: Empty results for your query select * from products where `category_id` = "cat-62962f89b29b3" ORDER BY `created_at` DESC;
Mon, 01 Aug 2022 14:49:34 - localhost - ::1 - Info: Empty results for your query select * from products where `category_id` = "cat-62962f89b29b3" ORDER BY `created_at` DESC;
Mon, 01 Aug 2022 14:50:26 - localhost - ::1 - Info: Empty results for your query select * from products where `category_id` = "cat-62962f89b29b3" ORDER BY `created_at` DESC;
Mon, 01 Aug 2022 14:51:33 - localhost - ::1 - Info: Empty results for your query select * from products where `category_id` = "cat-62962f89b29b3" ORDER BY `created_at` DESC;
Mon, 01 Aug 2022 14:51:55 - localhost - ::1 - Info: Empty results for your query select * from products where `category_id` = "cat-62962f89b29b3" ORDER BY `created_at` DESC;
Mon, 01 Aug 2022 14:52:09 - localhost - ::1 - Info: Empty results for your query select * from products where `category_id` = "cat-62962f89b29b3" ORDER BY `created_at` DESC;
Mon, 01 Aug 2022 14:52:20 - localhost - ::1 - Info: Empty results for your query select * from products where `category_id` = "cat-62962f89b29b3" ORDER BY `created_at` DESC;
Mon, 01 Aug 2022 14:52:41 - localhost - ::1 - Info: Empty results for your query select * from products where `category_id` = "cat-62962f89b29b3" ORDER BY `created_at` DESC;
Mon, 01 Aug 2022 14:53:20 - localhost - ::1 - Info: Empty results for your query select * from products where `category_id` = "cat-62962f89b29b3" ORDER BY `created_at` DESC;
Mon, 01 Aug 2022 14:53:55 - localhost - ::1 - Info: Empty results for your query select * from products where `category_id` = "cat-62962f89b29b3" ORDER BY `created_at` DESC;
Mon, 01 Aug 2022 16:58:04 - localhost - ::1 - Info: Empty results for your query select * from products where `category_id` = "cat-62962f89b29b3" ORDER BY `created_at` DESC;
Mon, 01 Aug 2022 16:58:21 - localhost - ::1 - Info: Called (insert) insert into categories (id, name, image, created_at, updated_at) values (:id, :name, :image, :created_at, :updated_at)
Mon, 01 Aug 2022 16:58:21 - localhost - ::1 - Error: Something is up with your Query -> insert into categories (id, name, image, created_at, updated_at) values (:id, :name, :image, :created_at, :updated_at), SQLSTATE[23000]: Integrity constraint violation: 19 NOT NULL constraint failed: categories.image
Mon, 01 Aug 2022 16:58:21 - localhost - ::1 - Debug:  Something is up with your Insert!23000
Mon, 01 Aug 2022 17:04:26 - localhost - ::1 - Info: Called (insert) insert into categories (id, name, image, created_at, updated_at) values (:id, :name, :image, :created_at, :updated_at)
Mon, 01 Aug 2022 17:04:58 - localhost - ::1 - Info: Empty results for your query select * from products where `category_id` = "cat-62e7dd6ab10ea" ORDER BY `created_at` DESC;
Mon, 01 Aug 2022 17:05:08 - localhost - ::1 - Info: Empty results for your query select * from products where `category_id` = "cat-62e7dd6ab10ea" ORDER BY `created_at` DESC;
Mon, 01 Aug 2022 17:05:08 - localhost - ::1 - Info: Empty results for your query select * from products where `category_id` = "cat-62962f89b29b3" ORDER BY `created_at` DESC;
Mon, 01 Aug 2022 17:05:46 - localhost - ::1 - Info: Empty results for your query select * from products where `category_id` = "cat-62e7dd6ab10ea" ORDER BY `created_at` DESC;
Mon, 01 Aug 2022 17:05:46 - localhost - ::1 - Info: Empty results for your query select * from products where `category_id` = "cat-62962f89b29b3" ORDER BY `created_at` DESC;
Mon, 01 Aug 2022 17:05:59 - localhost - ::1 - Info: Empty results for your query select * from products where `category_id` = "cat-62e7dd6ab10ea" ORDER BY `created_at` DESC;
Mon, 01 Aug 2022 17:05:59 - localhost - ::1 - Info: Empty results for your query select * from products where `category_id` = "cat-62962f89b29b3" ORDER BY `created_at` DESC;
Mon, 01 Aug 2022 17:10:40 - localhost - ::1 - Info: Called (insert) insert into products (id, name, color, price, quantity, image, category_id, created_at, updated_at) values (:id, :name, :color, :price, :quantity, :image, :category_id, :created_at, :updated_at)
Mon, 01 Aug 2022 17:12:21 - localhost - ::1 - Info: Called (insert) insert into products (id, name, color, price, quantity, image, category_id, created_at, updated_at) values (:id, :name, :color, :price, :quantity, :image, :category_id, :created_at, :updated_at)
Mon, 01 Aug 2022 17:15:09 - localhost - ::1 - Info: Empty results for your query select * from products where `category_id` = "cat-62962f89b29b3" ORDER BY `created_at` DESC;
Mon, 01 Aug 2022 17:18:10 - localhost - ::1 - Info: Empty results for your query select * from products where `category_id` = "cat-62962f89b29b3" ORDER BY `created_at` DESC;
Mon, 01 Aug 2022 17:22:34 - localhost - ::1 - Info: Empty results for your query select * from products where `category_id` = "cat-62962f89b29b3" ORDER BY `created_at` DESC;
Mon, 01 Aug 2022 19:03:10 - localhost - ::1 - Info: Empty results for your query select * from products where `category_id` = "cat-62962f89b29b3" ORDER BY `created_at` DESC;
Mon, 01 Aug 2022 19:23:45 - localhost - ::1 - Info: Empty results for your query select * from products where `category_id` = "cat-62962f89b29b3" ORDER BY `created_at` DESC;
Mon, 01 Aug 2022 19:23:59 - localhost - ::1 - Info: Empty results for your query select * from products where `category_id` = "cat-62962f89b29b3" ORDER BY `created_at` DESC;
Mon, 01 Aug 2022 19:29:09 - localhost - ::1 - Info: Empty results for your query select * from products where `category_id` = "cat-62962f89b29b3" ORDER BY `created_at` DESC;
Tue, 02 Aug 2022 16:41:45 - localhost - ::1 - Debug: Oops, you forgot to include <b>/index.php/user/list</b>, There is no such route! 
Tue, 02 Aug 2022 16:41:53 - localhost - ::1 - Info: Empty results for your query select * from products where `category_id` = "cat-62962f89b29b3" ORDER BY `created_at` DESC;
Tue, 02 Aug 2022 16:42:03 - localhost - ::1 - Info: Login: Logged in admin
Tue, 02 Aug 2022 16:42:03 - localhost - ::1 - Info: Empty results for your query select * from products where `category_id` = "cat-62962f89b29b3" ORDER BY `created_at` DESC;
Tue, 02 Aug 2022 16:42:07 - localhost - ::1 - Info: Empty results for your query select * from products where `category_id` = "cat-62962f89b29b3" ORDER BY `created_at` DESC;
Wed, 03 Aug 2022 11:53:46 - localhost - ::1 - Info: Login: Logged in admin
Wed, 03 Aug 2022 11:53:46 - localhost - ::1 - Info: Empty results for your query select * from products where `category_id` = "cat-62962f89b29b3" ORDER BY `created_at` DESC;
Wed, 03 Aug 2022 11:59:12 - localhost - ::1 - Info: Empty results for your query select name  from categories where name = "cat-62962f98473f6"
Wed, 03 Aug 2022 11:59:12 - localhost - ::1 - Info: Empty results for your query select name  from categories where name = "cat-62962ffec3fe7"
Wed, 03 Aug 2022 11:59:12 - localhost - ::1 - Info: Empty results for your query select name  from categories where name = "cat-5ece4797eaf5e"
Wed, 03 Aug 2022 11:59:12 - localhost - ::1 - Info: Empty results for your query select name  from categories where name = "cat-5ece4797eaf5e"
Wed, 03 Aug 2022 12:00:24 - localhost - ::1 - Info: Empty results for your query select name  from categories where name = "cat-62962f98473f6"
Wed, 03 Aug 2022 12:00:24 - localhost - ::1 - Info: Empty results for your query select name  from categories where name = "cat-62962ffec3fe7"
Wed, 03 Aug 2022 12:00:24 - localhost - ::1 - Info: Empty results for your query select name  from categories where name = "cat-5ece4797eaf5e"
Wed, 03 Aug 2022 12:00:24 - localhost - ::1 - Info: Empty results for your query select name  from categories where name = "cat-5ece4797eaf5e"
Wed, 03 Aug 2022 12:01:25 - localhost - ::1 - Info: Empty results for your query select name  from categories where name = "cat-62962f98473f6"
Wed, 03 Aug 2022 12:01:34 - localhost - ::1 - Info: Empty results for your query select name  from categories where name = "cat-62962f98473f6"
Wed, 03 Aug 2022 12:02:31 - localhost - ::1 - Info: Empty results for your query select name  from categories where name = "cat-62962f98473f6"
Wed, 03 Aug 2022 12:02:31 - localhost - ::1 - Info: Empty results for your query select name  from categories where name = "cat-62962ffec3fe7"
Wed, 03 Aug 2022 12:02:31 - localhost - ::1 - Info: Empty results for your query select name  from categories where name = "cat-5ece4797eaf5e"
Wed, 03 Aug 2022 12:02:31 - localhost - ::1 - Info: Empty results for your query select name  from categories where name = "cat-5ece4797eaf5e"
Wed, 03 Aug 2022 12:09:55 - localhost - ::1 - Info: Empty results for your query select * from products where `category_id` = "cat-62962f89b29b3" ORDER BY `created_at` DESC;
Wed, 03 Aug 2022 12:11:48 - localhost - ::1 - Info: Empty results for your query select * from products where `category_id` = "cat-62962f89b29b3" ORDER BY `created_at` DESC;
Wed, 03 Aug 2022 12:13:16 - localhost - ::1 - Info: Empty results for your query select * from products where `category_id` = "cat-62962f89b29b3" ORDER BY `created_at` DESC;
Wed, 03 Aug 2022 12:14:04 - localhost - ::1 - Info: Empty results for your query select * from products where `category_id` = "cat-62962f89b29b3" ORDER BY `created_at` DESC;
Wed, 03 Aug 2022 13:56:21 - localhost - ::1 - Info: Empty results for your query select * from products where `category_id` = "cat-62962f89b29b3" ORDER BY `created_at` DESC;
Wed, 03 Aug 2022 14:57:26 - localhost - ::1 - Info: Login: logged out admin
Wed, 03 Aug 2022 14:57:44 - localhost - ::1 - Info: Login: Logged in admin
Wed, 03 Aug 2022 14:57:44 - localhost - ::1 - Info: Empty results for your query select * from products where `category_id` = "cat-62962f89b29b3" ORDER BY `created_at` DESC;
Wed, 03 Aug 2022 15:25:40 - localhost - ::1 - Info: Empty results for your query select * from products where `category_id` = "cat-62962f89b29b3" ORDER BY `created_at` DESC;
Wed, 03 Aug 2022 15:26:17 - localhost - ::1 - Info: Called (insert) insert into products (id, name, color, price, quantity, image, category_id, created_at, updated_at) values (:id, :name, :color, :price, :quantity, :image, :category_id, :created_at, :updated_at)
Wed, 03 Aug 2022 15:27:17 - localhost - ::1 - Info: Login: logged out admin
Wed, 03 Aug 2022 17:17:05 - localhost - ::1 - Info: Empty results for your query select * from products where `category_id` = "cat-62962f89b29b3" ORDER BY `created_at` DESC;
Wed, 03 Aug 2022 18:08:25 - localhost - ::1 - Info: Login: Logged in admin
Wed, 03 Aug 2022 18:08:25 - localhost - ::1 - Info: Empty results for your query select * from products where `category_id` = "cat-62962f89b29b3" ORDER BY `created_at` DESC;
Wed, 03 Aug 2022 18:23:11 - localhost - ::1 - Info: Empty results for your query select * from products where `category_id` = "cat-62962f89b29b3" ORDER BY `created_at` DESC;
Wed, 03 Aug 2022 18:29:44 - localhost - ::1 - Info: Empty results for your query select * from products where `category_id` = "cat-62962f89b29b3" ORDER BY `created_at` DESC;
Wed, 03 Aug 2022 19:08:34 - localhost - ::1 - Info: Empty results for your query select * from products where `category_id` = "cat-62962f89b29b3" ORDER BY `created_at` DESC;
Wed, 03 Aug 2022 19:09:26 - localhost - ::1 - Info: Called (insert) insert into products (id, name, color, price, quantity, image, category_id, created_at, updated_at) values (:id, :name, :color, :price, :quantity, :image, :category_id, :created_at, :updated_at)
Thu, 04 Aug 2022 16:00:23 - localhost - ::1 - Info: Login: Logged in peter
Thu, 04 Aug 2022 16:00:23 - localhost - ::1 - Info: Empty results for your query select * from products where `category_id` = "cat-62962f89b29b3" ORDER BY `created_at` DESC;
Thu, 04 Aug 2022 16:00:29 - localhost - ::1 - Info: Login: logged out peter
Thu, 04 Aug 2022 17:01:19 - localhost - ::1 - Info: Empty results for your query select * from products where `category_id` = "cat-62962f89b29b3" ORDER BY `created_at` DESC;
Thu, 04 Aug 2022 17:24:10 - localhost - ::1 - Debug: Oops, you forgot to include <b>/faqs</b>, There is no such route! 
Mon, 08 Aug 2022 16:43:17 - localhost - ::1 - Info: Login: Logged in admin
Mon, 08 Aug 2022 16:43:17 - localhost - ::1 - Info: Empty results for your query select * from products where `category_id` = "cat-62962f89b29b3" ORDER BY `created_at` DESC;
